2023-07-30 10:10:37,026 INFO [long-pulling] client count 0

2023-07-30 10:10:47,053 INFO [long-pulling] client count 0

2023-07-30 10:10:47,555 INFO toNotifyTaskSize = 0

2023-07-30 10:10:47,556 INFO toClientNotifyTaskSize = 0

2023-07-30 10:10:47,556 INFO groupCount = 9, subscriberClientCount = 0, subscriberCount = 0

2023-07-30 10:10:57,056 INFO [long-pulling] client count 0

2023-07-30 10:10:57,577 INFO toNotifyTaskSize = 0

2023-07-30 10:10:57,577 INFO groupCount = 9, subscriberClientCount = 0, subscriberCount = 0

2023-07-30 10:10:57,577 INFO toClientNotifyTaskSize = 0

2023-07-30 10:11:07,057 INFO [long-pulling] client count 0

2023-07-30 10:11:07,584 INFO groupCount = 9, subscriberClientCount = 0, subscriberCount = 0

2023-07-30 10:11:07,584 INFO toNotifyTaskSize = 0

2023-07-30 10:11:07,585 INFO toClientNotifyTaskSize = 0

2023-07-30 10:11:17,059 INFO [long-pulling] client count 0

2023-07-30 10:11:17,586 INFO groupCount = 9, subscriberClientCount = 0, subscriberCount = 0

2023-07-30 10:11:17,586 INFO toNotifyTaskSize = 0

2023-07-30 10:11:17,586 INFO toClientNotifyTaskSize = 0

2023-07-30 10:11:27,060 INFO [long-pulling] client count 0

2023-07-30 10:11:27,586 INFO groupCount = 9, subscriberClientCount = 0, subscriberCount = 0

2023-07-30 10:11:27,586 INFO toNotifyTaskSize = 0

2023-07-30 10:11:27,586 INFO toClientNotifyTaskSize = 0

2023-07-30 10:11:37,061 INFO [long-pulling] client count 0

2023-07-30 10:11:37,588 INFO groupCount = 9, subscriberClientCount = 0, subscriberCount = 0

2023-07-30 10:11:37,588 INFO toNotifyTaskSize = 0

2023-07-30 10:11:37,588 INFO toClientNotifyTaskSize = 0

2023-07-30 10:11:47,063 INFO [long-pulling] client count 0

2023-07-30 10:11:47,590 INFO groupCount = 9, subscriberClientCount = 0, subscriberCount = 0

2023-07-30 10:11:47,590 INFO toNotifyTaskSize = 0

2023-07-30 10:11:47,590 INFO toClientNotifyTaskSize = 0

2023-07-30 10:11:57,065 INFO [long-pulling] client count 0

2023-07-30 10:11:57,591 INFO groupCount = 9, subscriberClientCount = 0, subscriberCount = 0

2023-07-30 10:11:57,591 INFO toNotifyTaskSize = 0

2023-07-30 10:11:57,591 INFO toClientNotifyTaskSize = 0

2023-07-30 10:12:07,066 INFO [long-pulling] client count 0

2023-07-30 10:12:07,592 INFO groupCount = 9, subscriberClientCount = 0, subscriberCount = 0

2023-07-30 10:12:07,592 INFO toNotifyTaskSize = 0

2023-07-30 10:12:07,592 INFO toClientNotifyTaskSize = 0

2023-07-30 10:12:17,067 INFO [long-pulling] client count 0

2023-07-30 10:12:17,594 INFO groupCount = 9, subscriberClientCount = 0, subscriberCount = 0

2023-07-30 10:12:17,594 INFO toNotifyTaskSize = 0

2023-07-30 10:12:17,595 INFO toClientNotifyTaskSize = 0

2023-07-30 10:12:27,068 INFO [long-pulling] client count 0

2023-07-30 10:12:27,596 INFO toNotifyTaskSize = 0

2023-07-30 10:12:27,596 INFO groupCount = 9, subscriberClientCount = 0, subscriberCount = 0

2023-07-30 10:12:27,621 INFO toClientNotifyTaskSize = 0

2023-07-30 10:12:37,070 INFO [long-pulling] client count 0

2023-07-30 10:12:37,622 INFO toNotifyTaskSize = 0

2023-07-30 10:12:37,622 INFO groupCount = 9, subscriberClientCount = 0, subscriberCount = 0

2023-07-30 10:12:37,622 INFO toClientNotifyTaskSize = 0

2023-07-30 10:12:47,072 INFO [long-pulling] client count 0

2023-07-30 10:12:47,624 INFO toNotifyTaskSize = 0

2023-07-30 10:12:47,624 INFO groupCount = 9, subscriberClientCount = 0, subscriberCount = 0

2023-07-30 10:12:47,624 INFO toClientNotifyTaskSize = 0

2023-07-30 10:12:57,073 INFO [long-pulling] client count 0

2023-07-30 10:12:57,626 INFO groupCount = 9, subscriberClientCount = 0, subscriberCount = 0

2023-07-30 10:12:57,626 INFO toNotifyTaskSize = 0

2023-07-30 10:12:57,626 INFO toClientNotifyTaskSize = 0

2023-07-30 10:13:07,074 INFO [long-pulling] client count 0

2023-07-30 10:13:07,626 INFO groupCount = 9, subscriberClientCount = 0, subscriberCount = 0

2023-07-30 10:13:07,626 INFO toNotifyTaskSize = 0

2023-07-30 10:13:07,627 INFO toClientNotifyTaskSize = 0

2023-07-30 10:13:17,075 INFO [long-pulling] client count 0

2023-07-30 10:13:17,628 INFO groupCount = 9, subscriberClientCount = 0, subscriberCount = 0

2023-07-30 10:13:17,628 INFO toNotifyTaskSize = 0

2023-07-30 10:13:17,628 INFO toClientNotifyTaskSize = 0

2023-07-30 10:13:27,077 INFO [long-pulling] client count 0

2023-07-30 10:13:27,629 INFO groupCount = 9, subscriberClientCount = 0, subscriberCount = 0

2023-07-30 10:13:27,630 INFO toNotifyTaskSize = 0

2023-07-30 10:13:27,630 INFO toClientNotifyTaskSize = 0

2023-07-30 10:13:37,078 INFO [long-pulling] client count 0

2023-07-30 10:13:37,629 INFO groupCount = 9, subscriberClientCount = 0, subscriberCount = 0

2023-07-30 10:13:37,632 INFO toNotifyTaskSize = 0

2023-07-30 10:13:37,632 INFO toClientNotifyTaskSize = 0

2023-07-30 10:13:47,079 INFO [long-pulling] client count 0

2023-07-30 10:13:47,631 INFO groupCount = 9, subscriberClientCount = 0, subscriberCount = 0

2023-07-30 10:13:47,633 INFO toNotifyTaskSize = 0

2023-07-30 10:13:47,633 INFO toClientNotifyTaskSize = 0

2023-07-30 10:13:57,079 INFO [long-pulling] client count 0

2023-07-30 10:13:57,632 INFO groupCount = 9, subscriberClientCount = 0, subscriberCount = 0

2023-07-30 10:13:57,635 INFO toNotifyTaskSize = 0

2023-07-30 10:13:57,635 INFO toClientNotifyTaskSize = 0

2023-07-30 10:14:07,081 INFO [long-pulling] client count 0

2023-07-30 10:14:07,633 INFO groupCount = 9, subscriberClientCount = 0, subscriberCount = 0

2023-07-30 10:14:07,636 INFO toNotifyTaskSize = 0

2023-07-30 10:14:07,636 INFO toClientNotifyTaskSize = 0

2023-07-30 10:14:17,083 INFO [long-pulling] client count 0

2023-07-30 10:14:17,634 INFO groupCount = 9, subscriberClientCount = 0, subscriberCount = 0

2023-07-30 10:14:17,638 INFO toNotifyTaskSize = 0

2023-07-30 10:14:17,638 INFO toClientNotifyTaskSize = 0

2023-07-30 10:14:27,084 INFO [long-pulling] client count 0

2023-07-30 10:14:27,634 INFO groupCount = 9, subscriberClientCount = 0, subscriberCount = 0

2023-07-30 10:14:27,640 INFO toNotifyTaskSize = 0

2023-07-30 10:14:27,640 INFO toClientNotifyTaskSize = 0

2023-07-30 10:14:37,085 INFO [long-pulling] client count 0

2023-07-30 10:14:37,636 INFO groupCount = 9, subscriberClientCount = 0, subscriberCount = 0

2023-07-30 10:14:37,641 INFO toNotifyTaskSize = 0

2023-07-30 10:14:37,641 INFO toClientNotifyTaskSize = 0

2023-07-30 10:14:47,087 INFO [long-pulling] client count 0

2023-07-30 10:14:47,638 INFO groupCount = 9, subscriberClientCount = 0, subscriberCount = 0

2023-07-30 10:14:47,642 INFO toNotifyTaskSize = 0

2023-07-30 10:14:47,642 INFO toClientNotifyTaskSize = 0

2023-07-30 10:14:57,088 INFO [long-pulling] client count 0

2023-07-30 10:14:57,639 INFO groupCount = 9, subscriberClientCount = 0, subscriberCount = 0

2023-07-30 10:14:57,643 INFO toNotifyTaskSize = 0

2023-07-30 10:14:57,643 INFO toClientNotifyTaskSize = 0

2023-07-30 10:15:07,089 INFO [long-pulling] client count 0

2023-07-30 10:15:07,641 INFO groupCount = 9, subscriberClientCount = 0, subscriberCount = 0

2023-07-30 10:15:07,644 INFO toNotifyTaskSize = 0

2023-07-30 10:15:07,644 INFO toClientNotifyTaskSize = 0

2023-07-30 10:15:17,090 INFO [long-pulling] client count 0

2023-07-30 10:15:17,643 INFO groupCount = 9, subscriberClientCount = 0, subscriberCount = 0

2023-07-30 10:15:17,645 INFO toNotifyTaskSize = 0

2023-07-30 10:15:17,645 INFO toClientNotifyTaskSize = 0

2023-07-30 10:15:27,092 INFO [long-pulling] client count 0

2023-07-30 10:15:27,645 INFO groupCount = 9, subscriberClientCount = 0, subscriberCount = 0

2023-07-30 10:15:27,647 INFO toNotifyTaskSize = 0

2023-07-30 10:15:27,647 INFO toClientNotifyTaskSize = 0

2023-07-30 10:15:37,094 INFO [long-pulling] client count 0

2023-07-30 10:15:37,647 INFO groupCount = 9, subscriberClientCount = 0, subscriberCount = 0

2023-07-30 10:15:37,647 INFO toNotifyTaskSize = 0

2023-07-30 10:15:37,647 INFO toClientNotifyTaskSize = 0

2023-07-30 10:15:47,095 INFO [long-pulling] client count 0

2023-07-30 10:15:47,649 INFO groupCount = 9, subscriberClientCount = 0, subscriberCount = 0

2023-07-30 10:15:47,649 INFO toNotifyTaskSize = 0

2023-07-30 10:15:47,649 INFO toClientNotifyTaskSize = 0

2023-07-30 10:15:57,099 INFO [long-pulling] client count 0

2023-07-30 10:15:57,650 INFO groupCount = 9, subscriberClientCount = 0, subscriberCount = 0

2023-07-30 10:15:57,650 INFO toNotifyTaskSize = 0

2023-07-30 10:15:57,650 INFO toClientNotifyTaskSize = 0

2023-07-30 10:16:07,102 INFO [long-pulling] client count 0

2023-07-30 10:16:07,652 INFO groupCount = 9, subscriberClientCount = 0, subscriberCount = 0

2023-07-30 10:16:07,652 INFO toNotifyTaskSize = 0

2023-07-30 10:16:07,652 INFO toClientNotifyTaskSize = 0

2023-07-30 10:16:17,103 INFO [long-pulling] client count 0

2023-07-30 10:16:17,654 INFO groupCount = 9, subscriberClientCount = 0, subscriberCount = 0

2023-07-30 10:16:17,654 INFO toNotifyTaskSize = 0

2023-07-30 10:16:17,654 INFO toClientNotifyTaskSize = 0

2023-07-30 10:16:27,104 INFO [long-pulling] client count 0

2023-07-30 10:16:27,655 INFO groupCount = 9, subscriberClientCount = 0, subscriberCount = 0

2023-07-30 10:16:27,655 INFO toNotifyTaskSize = 0

2023-07-30 10:16:27,655 INFO toClientNotifyTaskSize = 0

2023-07-30 10:16:37,105 INFO [long-pulling] client count 0

2023-07-30 10:16:37,656 INFO groupCount = 9, subscriberClientCount = 0, subscriberCount = 0

2023-07-30 10:16:37,656 INFO toNotifyTaskSize = 0

2023-07-30 10:16:37,657 INFO toClientNotifyTaskSize = 0

2023-07-30 10:16:47,106 INFO [long-pulling] client count 0

2023-07-30 10:16:47,657 INFO groupCount = 9, subscriberClientCount = 0, subscriberCount = 0

2023-07-30 10:16:47,658 INFO toNotifyTaskSize = 0

2023-07-30 10:16:47,658 INFO toClientNotifyTaskSize = 0

2023-07-30 10:16:57,107 INFO [long-pulling] client count 0

2023-07-30 10:16:57,658 INFO groupCount = 9, subscriberClientCount = 0, subscriberCount = 0

2023-07-30 10:16:57,658 INFO toNotifyTaskSize = 0

2023-07-30 10:16:57,658 INFO toClientNotifyTaskSize = 0

2023-07-30 10:17:07,109 INFO [long-pulling] client count 0

2023-07-30 10:17:07,661 INFO groupCount = 9, subscriberClientCount = 0, subscriberCount = 0

2023-07-30 10:17:07,661 INFO toNotifyTaskSize = 0

2023-07-30 10:17:07,661 INFO toClientNotifyTaskSize = 0

2023-07-30 10:17:17,110 INFO [long-pulling] client count 0

2023-07-30 10:17:17,663 INFO groupCount = 9, subscriberClientCount = 0, subscriberCount = 0

2023-07-30 10:17:17,663 INFO toNotifyTaskSize = 0

2023-07-30 10:17:17,663 INFO toClientNotifyTaskSize = 0

2023-07-30 10:17:27,111 INFO [long-pulling] client count 0

2023-07-30 10:17:27,665 INFO toNotifyTaskSize = 0

2023-07-30 10:17:27,665 INFO groupCount = 9, subscriberClientCount = 0, subscriberCount = 0

2023-07-30 10:17:27,665 INFO toClientNotifyTaskSize = 0

2023-07-30 10:17:37,112 INFO [long-pulling] client count 0

2023-07-30 10:17:37,666 INFO toNotifyTaskSize = 0

2023-07-30 10:17:37,666 INFO groupCount = 9, subscriberClientCount = 0, subscriberCount = 0

2023-07-30 10:17:37,666 INFO toClientNotifyTaskSize = 0

2023-07-30 10:17:47,114 INFO [long-pulling] client count 0

2023-07-30 10:17:47,667 INFO groupCount = 9, subscriberClientCount = 0, subscriberCount = 0

2023-07-30 10:17:47,667 INFO toNotifyTaskSize = 0

2023-07-30 10:17:47,668 INFO toClientNotifyTaskSize = 0

2023-07-30 10:17:57,115 INFO [long-pulling] client count 0

2023-07-30 10:17:57,669 INFO groupCount = 9, subscriberClientCount = 0, subscriberCount = 0

2023-07-30 10:17:57,669 INFO toNotifyTaskSize = 0

2023-07-30 10:17:57,670 INFO toClientNotifyTaskSize = 0

2023-07-30 10:18:07,117 INFO [long-pulling] client count 0

2023-07-30 10:18:07,670 INFO groupCount = 9, subscriberClientCount = 0, subscriberCount = 0

2023-07-30 10:18:07,670 INFO toNotifyTaskSize = 0

2023-07-30 10:18:07,670 INFO toClientNotifyTaskSize = 0

2023-07-30 10:18:17,119 INFO [long-pulling] client count 0

2023-07-30 10:18:17,671 INFO groupCount = 9, subscriberClientCount = 0, subscriberCount = 0

2023-07-30 10:18:17,671 INFO toNotifyTaskSize = 0

2023-07-30 10:18:17,672 INFO toClientNotifyTaskSize = 0

2023-07-30 10:18:27,120 INFO [long-pulling] client count 0

2023-07-30 10:18:27,672 INFO groupCount = 9, subscriberClientCount = 0, subscriberCount = 0

2023-07-30 10:18:27,673 INFO toNotifyTaskSize = 0

2023-07-30 10:18:27,673 INFO toClientNotifyTaskSize = 0

2023-07-30 10:18:37,123 INFO [long-pulling] client count 0

2023-07-30 10:18:37,674 INFO groupCount = 9, subscriberClientCount = 0, subscriberCount = 0

2023-07-30 10:18:37,674 INFO toNotifyTaskSize = 0

2023-07-30 10:18:37,675 INFO toClientNotifyTaskSize = 0

2023-07-30 10:18:47,124 INFO [long-pulling] client count 0

2023-07-30 10:18:47,676 INFO toNotifyTaskSize = 0

2023-07-30 10:18:47,676 INFO groupCount = 9, subscriberClientCount = 0, subscriberCount = 0

2023-07-30 10:18:47,676 INFO toClientNotifyTaskSize = 0

2023-07-30 10:18:57,126 INFO [long-pulling] client count 0

2023-07-30 10:18:57,677 INFO groupCount = 9, subscriberClientCount = 0, subscriberCount = 0

2023-07-30 10:18:57,677 INFO toNotifyTaskSize = 0

2023-07-30 10:18:57,677 INFO toClientNotifyTaskSize = 0

2023-07-30 10:19:07,127 INFO [long-pulling] client count 0

2023-07-30 10:19:07,679 INFO groupCount = 9, subscriberClientCount = 0, subscriberCount = 0

2023-07-30 10:19:07,679 INFO toNotifyTaskSize = 0

2023-07-30 10:19:07,679 INFO toClientNotifyTaskSize = 0

2023-07-30 10:19:17,129 INFO [long-pulling] client count 0

2023-07-30 10:19:17,681 INFO groupCount = 9, subscriberClientCount = 0, subscriberCount = 0

2023-07-30 10:19:17,681 INFO toNotifyTaskSize = 0

2023-07-30 10:19:17,681 INFO toClientNotifyTaskSize = 0

2023-07-30 10:19:27,131 INFO [long-pulling] client count 0

2023-07-30 10:19:27,682 INFO groupCount = 9, subscriberClientCount = 0, subscriberCount = 0

2023-07-30 10:19:27,682 INFO toNotifyTaskSize = 0

2023-07-30 10:19:27,682 INFO toClientNotifyTaskSize = 0

2023-07-30 10:19:37,132 INFO [long-pulling] client count 0

2023-07-30 10:19:37,684 INFO toNotifyTaskSize = 0

2023-07-30 10:19:37,684 INFO groupCount = 9, subscriberClientCount = 0, subscriberCount = 0

2023-07-30 10:19:37,684 INFO toClientNotifyTaskSize = 0

2023-07-30 10:19:47,134 INFO [long-pulling] client count 0

2023-07-30 10:19:47,685 INFO toNotifyTaskSize = 0

2023-07-30 10:19:47,685 INFO groupCount = 9, subscriberClientCount = 0, subscriberCount = 0

2023-07-30 10:19:47,685 INFO toClientNotifyTaskSize = 0

2023-07-30 10:19:57,135 INFO [long-pulling] client count 0

2023-07-30 10:19:57,686 INFO groupCount = 9, subscriberClientCount = 0, subscriberCount = 0

2023-07-30 10:19:57,686 INFO toNotifyTaskSize = 0

2023-07-30 10:19:57,686 INFO toClientNotifyTaskSize = 0

2023-07-30 10:20:07,136 INFO [long-pulling] client count 0

2023-07-30 10:20:07,686 INFO toNotifyTaskSize = 0

2023-07-30 10:20:07,686 INFO toClientNotifyTaskSize = 0

2023-07-30 10:20:07,686 INFO groupCount = 9, subscriberClientCount = 0, subscriberCount = 0

2023-07-30 10:20:17,137 INFO [long-pulling] client count 0

2023-07-30 10:20:17,687 INFO toNotifyTaskSize = 0

2023-07-30 10:20:17,687 INFO toClientNotifyTaskSize = 0

2023-07-30 10:20:17,687 INFO groupCount = 9, subscriberClientCount = 0, subscriberCount = 0

2023-07-30 10:20:27,139 INFO [long-pulling] client count 0

2023-07-30 10:20:27,688 INFO groupCount = 9, subscriberClientCount = 0, subscriberCount = 0

2023-07-30 10:20:27,688 INFO toNotifyTaskSize = 0

2023-07-30 10:20:27,688 INFO toClientNotifyTaskSize = 0

2023-07-30 10:20:37,140 INFO [long-pulling] client count 0

2023-07-30 10:20:37,688 INFO groupCount = 9, subscriberClientCount = 0, subscriberCount = 0

2023-07-30 10:20:37,688 INFO toNotifyTaskSize = 0

2023-07-30 10:20:37,688 INFO toClientNotifyTaskSize = 0

2023-07-30 10:20:47,141 INFO [long-pulling] client count 0

2023-07-30 10:20:47,690 INFO toNotifyTaskSize = 0

2023-07-30 10:20:47,690 INFO groupCount = 9, subscriberClientCount = 0, subscriberCount = 0

2023-07-30 10:20:47,690 INFO toClientNotifyTaskSize = 0

2023-07-30 10:20:57,143 INFO [long-pulling] client count 0

2023-07-30 10:20:57,692 INFO toNotifyTaskSize = 0

2023-07-30 10:20:57,692 INFO toClientNotifyTaskSize = 0

2023-07-30 10:20:57,692 INFO groupCount = 9, subscriberClientCount = 0, subscriberCount = 0

2023-07-30 10:21:07,143 INFO [long-pulling] client count 0

2023-07-30 10:21:07,717 INFO toNotifyTaskSize = 0

2023-07-30 10:21:07,717 INFO groupCount = 9, subscriberClientCount = 0, subscriberCount = 0

2023-07-30 10:21:07,717 INFO toClientNotifyTaskSize = 0

2023-07-30 10:21:17,144 INFO [long-pulling] client count 0

2023-07-30 10:21:17,718 INFO groupCount = 9, subscriberClientCount = 0, subscriberCount = 0

2023-07-30 10:21:17,718 INFO toNotifyTaskSize = 0

2023-07-30 10:21:17,718 INFO toClientNotifyTaskSize = 0

2023-07-30 10:21:27,145 INFO [long-pulling] client count 0

2023-07-30 10:21:27,719 INFO groupCount = 9, subscriberClientCount = 0, subscriberCount = 0

2023-07-30 10:21:27,719 INFO toNotifyTaskSize = 0

2023-07-30 10:21:27,719 INFO toClientNotifyTaskSize = 0

2023-07-30 10:21:37,146 INFO [long-pulling] client count 0

2023-07-30 10:21:37,720 INFO groupCount = 9, subscriberClientCount = 0, subscriberCount = 0

2023-07-30 10:21:37,720 INFO toNotifyTaskSize = 0

2023-07-30 10:21:37,720 INFO toClientNotifyTaskSize = 0

2023-07-30 10:21:47,147 INFO [long-pulling] client count 0

2023-07-30 10:21:47,720 INFO groupCount = 9, subscriberClientCount = 0, subscriberCount = 0

2023-07-30 10:21:47,722 INFO toNotifyTaskSize = 0

2023-07-30 10:21:47,722 INFO toClientNotifyTaskSize = 0

2023-07-30 10:21:57,149 INFO [long-pulling] client count 0

2023-07-30 10:21:57,721 INFO groupCount = 9, subscriberClientCount = 0, subscriberCount = 0

2023-07-30 10:21:57,724 INFO toNotifyTaskSize = 0

2023-07-30 10:21:57,724 INFO toClientNotifyTaskSize = 0

2023-07-30 10:22:07,150 INFO [long-pulling] client count 0

2023-07-30 10:22:07,721 INFO groupCount = 9, subscriberClientCount = 0, subscriberCount = 0

2023-07-30 10:22:07,725 INFO toNotifyTaskSize = 0

2023-07-30 10:22:07,725 INFO toClientNotifyTaskSize = 0

2023-07-30 10:22:17,151 INFO [long-pulling] client count 0

2023-07-30 10:22:17,724 INFO groupCount = 9, subscriberClientCount = 0, subscriberCount = 0

2023-07-30 10:22:17,727 INFO toNotifyTaskSize = 0

2023-07-30 10:22:17,727 INFO toClientNotifyTaskSize = 0

2023-07-30 10:22:27,153 INFO [long-pulling] client count 0

2023-07-30 10:22:27,725 INFO groupCount = 9, subscriberClientCount = 0, subscriberCount = 0

2023-07-30 10:22:27,727 INFO toNotifyTaskSize = 0

2023-07-30 10:22:27,727 INFO toClientNotifyTaskSize = 0

2023-07-30 10:22:37,155 INFO [long-pulling] client count 0

2023-07-30 10:22:37,725 INFO groupCount = 9, subscriberClientCount = 0, subscriberCount = 0

2023-07-30 10:22:37,728 INFO toNotifyTaskSize = 0

2023-07-30 10:22:37,728 INFO toClientNotifyTaskSize = 0

2023-07-30 10:22:47,156 INFO [long-pulling] client count 0

2023-07-30 10:22:47,726 INFO groupCount = 9, subscriberClientCount = 0, subscriberCount = 0

2023-07-30 10:22:47,729 INFO toNotifyTaskSize = 0

2023-07-30 10:22:47,729 INFO toClientNotifyTaskSize = 0

2023-07-30 10:22:57,158 INFO [long-pulling] client count 0

2023-07-30 10:22:57,728 INFO groupCount = 9, subscriberClientCount = 0, subscriberCount = 0

2023-07-30 10:22:57,731 INFO toNotifyTaskSize = 0

2023-07-30 10:22:57,731 INFO toClientNotifyTaskSize = 0

2023-07-30 10:23:07,159 INFO [long-pulling] client count 0

2023-07-30 10:23:07,729 INFO groupCount = 9, subscriberClientCount = 0, subscriberCount = 0

2023-07-30 10:23:07,733 INFO toNotifyTaskSize = 0

2023-07-30 10:23:07,733 INFO toClientNotifyTaskSize = 0

2023-07-30 10:23:17,161 INFO [long-pulling] client count 0

2023-07-30 10:23:17,730 INFO groupCount = 9, subscriberClientCount = 0, subscriberCount = 0

2023-07-30 10:23:17,734 INFO toNotifyTaskSize = 0

2023-07-30 10:23:17,734 INFO toClientNotifyTaskSize = 0

2023-07-30 10:23:27,162 INFO [long-pulling] client count 0

2023-07-30 10:23:27,731 INFO groupCount = 9, subscriberClientCount = 0, subscriberCount = 0

2023-07-30 10:23:27,736 INFO toNotifyTaskSize = 0

2023-07-30 10:23:27,736 INFO toClientNotifyTaskSize = 0

2023-07-30 10:23:37,164 INFO [long-pulling] client count 0

2023-07-30 10:23:37,733 INFO groupCount = 9, subscriberClientCount = 0, subscriberCount = 0

2023-07-30 10:23:37,737 INFO toNotifyTaskSize = 0

2023-07-30 10:23:37,737 INFO toClientNotifyTaskSize = 0

2023-07-30 10:23:47,165 INFO [long-pulling] client count 0

2023-07-30 10:23:47,733 INFO groupCount = 9, subscriberClientCount = 0, subscriberCount = 0

2023-07-30 10:23:47,738 INFO toNotifyTaskSize = 0

2023-07-30 10:23:47,739 INFO toClientNotifyTaskSize = 0

2023-07-30 10:23:57,166 INFO [long-pulling] client count 0

2023-07-30 10:23:57,734 INFO groupCount = 9, subscriberClientCount = 0, subscriberCount = 0

2023-07-30 10:23:57,741 INFO toNotifyTaskSize = 0

2023-07-30 10:23:57,741 INFO toClientNotifyTaskSize = 0

2023-07-30 10:24:07,173 INFO [long-pulling] client count 0

2023-07-30 10:24:07,746 INFO groupCount = 9, subscriberClientCount = 0, subscriberCount = 0

2023-07-30 10:24:07,746 INFO toNotifyTaskSize = 0

2023-07-30 10:24:07,777 INFO toClientNotifyTaskSize = 0

2023-07-30 10:24:17,178 INFO [long-pulling] client count 0

2023-07-30 10:24:17,777 INFO groupCount = 9, subscriberClientCount = 0, subscriberCount = 0

2023-07-30 10:24:17,779 INFO toNotifyTaskSize = 0

2023-07-30 10:24:17,779 INFO toClientNotifyTaskSize = 0

2023-07-30 10:24:27,180 INFO [long-pulling] client count 0

2023-07-30 10:24:27,791 INFO toNotifyTaskSize = 0

2023-07-30 10:24:27,791 INFO toClientNotifyTaskSize = 0

2023-07-30 10:24:27,791 INFO groupCount = 9, subscriberClientCount = 0, subscriberCount = 0

2023-07-30 10:24:37,198 INFO [long-pulling] client count 0

2023-07-30 10:24:37,867 INFO toNotifyTaskSize = 0

2023-07-30 10:24:37,872 INFO toClientNotifyTaskSize = 0

2023-07-30 10:24:37,988 INFO groupCount = 9, subscriberClientCount = 0, subscriberCount = 0

2023-07-30 10:24:47,200 INFO [long-pulling] client count 0

2023-07-30 10:24:47,898 INFO toNotifyTaskSize = 0

2023-07-30 10:24:47,899 INFO toClientNotifyTaskSize = 0

2023-07-30 10:24:47,993 INFO groupCount = 9, subscriberClientCount = 0, subscriberCount = 0

2023-07-30 10:24:57,201 INFO [long-pulling] client count 0

2023-07-30 10:24:57,900 INFO toNotifyTaskSize = 0

2023-07-30 10:24:57,900 INFO toClientNotifyTaskSize = 0

2023-07-30 10:24:57,995 INFO groupCount = 9, subscriberClientCount = 0, subscriberCount = 0

2023-07-30 10:25:07,203 INFO [long-pulling] client count 0

2023-07-30 10:25:07,901 INFO toNotifyTaskSize = 0

2023-07-30 10:25:07,901 INFO toClientNotifyTaskSize = 0

2023-07-30 10:25:08,023 INFO groupCount = 9, subscriberClientCount = 0, subscriberCount = 0

2023-07-30 10:25:17,204 INFO [long-pulling] client count 0

2023-07-30 10:25:17,903 INFO toNotifyTaskSize = 0

2023-07-30 10:25:17,903 INFO toClientNotifyTaskSize = 0

2023-07-30 10:25:18,070 INFO groupCount = 9, subscriberClientCount = 0, subscriberCount = 0

2023-07-30 10:25:27,206 INFO [long-pulling] client count 0

2023-07-30 10:25:27,904 INFO toNotifyTaskSize = 0

2023-07-30 10:25:27,904 INFO toClientNotifyTaskSize = 0

2023-07-30 10:25:28,072 INFO groupCount = 9, subscriberClientCount = 0, subscriberCount = 0

2023-07-30 10:25:37,207 INFO [long-pulling] client count 0

2023-07-30 10:25:37,906 INFO toNotifyTaskSize = 0

2023-07-30 10:25:37,906 INFO toClientNotifyTaskSize = 0

2023-07-30 10:25:38,073 INFO groupCount = 9, subscriberClientCount = 0, subscriberCount = 0

2023-07-30 10:25:47,208 INFO [long-pulling] client count 0

2023-07-30 10:25:47,907 INFO toNotifyTaskSize = 0

2023-07-30 10:25:47,907 INFO toClientNotifyTaskSize = 0

2023-07-30 10:25:48,424 INFO groupCount = 9, subscriberClientCount = 0, subscriberCount = 0

2023-07-30 10:25:57,209 INFO [long-pulling] client count 0

2023-07-30 10:25:57,908 INFO toNotifyTaskSize = 0

2023-07-30 10:25:58,060 INFO toClientNotifyTaskSize = 0

2023-07-30 10:25:58,511 INFO groupCount = 9, subscriberClientCount = 0, subscriberCount = 0

2023-07-30 10:26:07,210 INFO [long-pulling] client count 0

2023-07-30 10:26:08,062 INFO toNotifyTaskSize = 0

2023-07-30 10:26:08,062 INFO toClientNotifyTaskSize = 0

2023-07-30 10:26:08,928 INFO groupCount = 9, subscriberClientCount = 0, subscriberCount = 0

2023-07-30 10:26:17,212 INFO [long-pulling] client count 0

2023-07-30 10:26:18,065 INFO toNotifyTaskSize = 0

2023-07-30 10:26:18,065 INFO toClientNotifyTaskSize = 0

2023-07-30 10:26:18,992 INFO groupCount = 9, subscriberClientCount = 0, subscriberCount = 0

2023-07-30 10:26:27,213 INFO [long-pulling] client count 0

2023-07-30 10:26:28,067 INFO toNotifyTaskSize = 0

2023-07-30 10:26:28,067 INFO toClientNotifyTaskSize = 0

2023-07-30 10:26:28,993 INFO groupCount = 9, subscriberClientCount = 0, subscriberCount = 0

2023-07-30 10:26:37,215 INFO [long-pulling] client count 0

2023-07-30 10:26:38,068 INFO toNotifyTaskSize = 0

2023-07-30 10:26:38,068 INFO toClientNotifyTaskSize = 0

2023-07-30 10:26:39,035 INFO groupCount = 9, subscriberClientCount = 0, subscriberCount = 0

2023-07-30 10:26:47,216 INFO [long-pulling] client count 0

2023-07-30 10:26:48,070 INFO toNotifyTaskSize = 0

2023-07-30 10:26:48,070 INFO toClientNotifyTaskSize = 0

2023-07-30 10:26:49,036 INFO groupCount = 9, subscriberClientCount = 0, subscriberCount = 0

2023-07-30 10:26:57,218 INFO [long-pulling] client count 0

2023-07-30 10:26:58,072 INFO toNotifyTaskSize = 0

2023-07-30 10:26:58,119 INFO toClientNotifyTaskSize = 0

2023-07-30 10:26:59,038 INFO groupCount = 9, subscriberClientCount = 0, subscriberCount = 0

2023-07-30 10:27:07,220 INFO [long-pulling] client count 0

2023-07-30 10:27:08,121 INFO toNotifyTaskSize = 0

2023-07-30 10:27:08,121 INFO toClientNotifyTaskSize = 0

2023-07-30 10:27:09,039 INFO groupCount = 9, subscriberClientCount = 0, subscriberCount = 0

2023-07-30 10:27:17,221 INFO [long-pulling] client count 0

2023-07-30 10:27:18,122 INFO toNotifyTaskSize = 0

2023-07-30 10:27:18,122 INFO toClientNotifyTaskSize = 0

2023-07-30 10:27:19,041 INFO groupCount = 9, subscriberClientCount = 0, subscriberCount = 0

2023-07-30 10:27:27,222 INFO [long-pulling] client count 0

2023-07-30 10:27:28,123 INFO toNotifyTaskSize = 0

2023-07-30 10:27:28,123 INFO toClientNotifyTaskSize = 0

2023-07-30 10:27:29,042 INFO groupCount = 9, subscriberClientCount = 0, subscriberCount = 0

2023-07-30 10:27:37,223 INFO [long-pulling] client count 0

2023-07-30 10:27:38,124 INFO toNotifyTaskSize = 0

2023-07-30 10:27:38,137 INFO toClientNotifyTaskSize = 0

2023-07-30 10:27:39,044 INFO groupCount = 9, subscriberClientCount = 0, subscriberCount = 0

2023-07-30 10:27:47,224 INFO [long-pulling] client count 0

2023-07-30 10:27:48,139 INFO toNotifyTaskSize = 0

2023-07-30 10:27:48,139 INFO toClientNotifyTaskSize = 0

2023-07-30 10:27:49,045 INFO groupCount = 9, subscriberClientCount = 0, subscriberCount = 0

2023-07-30 10:27:57,226 INFO [long-pulling] client count 0

2023-07-30 10:27:58,142 INFO toNotifyTaskSize = 0

2023-07-30 10:27:58,142 INFO toClientNotifyTaskSize = 0

2023-07-30 10:27:59,046 INFO groupCount = 9, subscriberClientCount = 0, subscriberCount = 0

2023-07-30 10:28:07,227 INFO [long-pulling] client count 0

2023-07-30 10:28:08,142 INFO toNotifyTaskSize = 0

2023-07-30 10:28:08,142 INFO toClientNotifyTaskSize = 0

2023-07-30 10:28:09,047 INFO groupCount = 9, subscriberClientCount = 0, subscriberCount = 0

2023-07-30 10:28:17,227 INFO [long-pulling] client count 0

2023-07-30 10:28:18,143 INFO toNotifyTaskSize = 0

2023-07-30 10:28:18,143 INFO toClientNotifyTaskSize = 0

2023-07-30 10:28:19,049 INFO groupCount = 9, subscriberClientCount = 0, subscriberCount = 0

2023-07-30 10:28:27,228 INFO [long-pulling] client count 0

2023-07-30 10:28:28,144 INFO toNotifyTaskSize = 0

2023-07-30 10:28:28,809 INFO toClientNotifyTaskSize = 0

2023-07-30 10:28:29,050 INFO groupCount = 9, subscriberClientCount = 0, subscriberCount = 0

2023-07-30 10:28:37,483 INFO [long-pulling] client count 0

2023-07-30 10:28:38,809 INFO toNotifyTaskSize = 0

2023-07-30 10:28:38,809 INFO toClientNotifyTaskSize = 0

2023-07-30 10:28:39,051 INFO groupCount = 9, subscriberClientCount = 0, subscriberCount = 0

2023-07-30 10:28:47,485 INFO [long-pulling] client count 0

2023-07-30 10:28:48,811 INFO toNotifyTaskSize = 0

2023-07-30 10:28:48,811 INFO toClientNotifyTaskSize = 0

2023-07-30 10:28:49,052 INFO groupCount = 9, subscriberClientCount = 0, subscriberCount = 0

2023-07-30 10:28:57,486 INFO [long-pulling] client count 0

2023-07-30 10:28:58,812 INFO toNotifyTaskSize = 0

2023-07-30 10:28:58,812 INFO toClientNotifyTaskSize = 0

2023-07-30 10:28:59,053 INFO groupCount = 9, subscriberClientCount = 0, subscriberCount = 0

2023-07-30 10:29:07,488 INFO [long-pulling] client count 0

2023-07-30 10:29:08,814 INFO toNotifyTaskSize = 0

2023-07-30 10:29:08,814 INFO toClientNotifyTaskSize = 0

2023-07-30 10:29:09,054 INFO groupCount = 9, subscriberClientCount = 0, subscriberCount = 0

2023-07-30 10:29:17,489 INFO [long-pulling] client count 0

2023-07-30 10:29:18,814 INFO toNotifyTaskSize = 0

2023-07-30 10:29:18,814 INFO toClientNotifyTaskSize = 0

2023-07-30 10:29:19,055 INFO groupCount = 9, subscriberClientCount = 0, subscriberCount = 0

2023-07-30 10:29:27,491 INFO [long-pulling] client count 0

2023-07-30 10:29:28,815 INFO toNotifyTaskSize = 0

2023-07-30 10:29:28,815 INFO toClientNotifyTaskSize = 0

2023-07-30 10:29:29,058 INFO groupCount = 9, subscriberClientCount = 0, subscriberCount = 0

2023-07-30 10:29:37,492 INFO [long-pulling] client count 0

2023-07-30 10:29:38,816 INFO toNotifyTaskSize = 0

2023-07-30 10:29:38,816 INFO toClientNotifyTaskSize = 0

2023-07-30 10:29:39,058 INFO groupCount = 9, subscriberClientCount = 0, subscriberCount = 0

2023-07-30 10:29:47,494 INFO [long-pulling] client count 0

2023-07-30 10:29:48,818 INFO toNotifyTaskSize = 0

2023-07-30 10:29:48,818 INFO toClientNotifyTaskSize = 0

2023-07-30 10:29:49,060 INFO groupCount = 9, subscriberClientCount = 0, subscriberCount = 0

2023-07-30 10:29:57,495 INFO [long-pulling] client count 0

2023-07-30 10:29:58,820 INFO toNotifyTaskSize = 0

2023-07-30 10:29:58,820 INFO toClientNotifyTaskSize = 0

2023-07-30 10:29:59,060 INFO groupCount = 9, subscriberClientCount = 0, subscriberCount = 0

2023-07-30 10:30:07,497 INFO [long-pulling] client count 0

2023-07-30 10:30:08,821 INFO toNotifyTaskSize = 0

2023-07-30 10:30:08,821 INFO toClientNotifyTaskSize = 0

2023-07-30 10:30:09,062 INFO groupCount = 9, subscriberClientCount = 0, subscriberCount = 0

2023-07-30 10:30:17,499 INFO [long-pulling] client count 0

2023-07-30 10:30:18,822 INFO toNotifyTaskSize = 0

2023-07-30 10:30:18,822 INFO toClientNotifyTaskSize = 0

2023-07-30 10:30:19,064 INFO groupCount = 9, subscriberClientCount = 0, subscriberCount = 0

2023-07-30 10:30:27,500 INFO [long-pulling] client count 0

2023-07-30 10:30:28,825 INFO toNotifyTaskSize = 0

2023-07-30 10:30:28,842 INFO toClientNotifyTaskSize = 0

2023-07-30 10:30:29,066 INFO groupCount = 9, subscriberClientCount = 0, subscriberCount = 0

2023-07-30 10:30:37,542 INFO [long-pulling] client count 0

2023-07-30 10:30:38,843 INFO toNotifyTaskSize = 0

2023-07-30 10:30:38,843 INFO toClientNotifyTaskSize = 0

2023-07-30 10:30:39,068 INFO groupCount = 9, subscriberClientCount = 0, subscriberCount = 0

2023-07-30 10:30:47,542 INFO [long-pulling] client count 0

2023-07-30 10:30:48,845 INFO toNotifyTaskSize = 0

2023-07-30 10:30:48,845 INFO toClientNotifyTaskSize = 0

2023-07-30 10:30:49,069 INFO groupCount = 9, subscriberClientCount = 0, subscriberCount = 0

2023-07-30 10:30:57,544 INFO [long-pulling] client count 0

2023-07-30 10:30:58,883 INFO toNotifyTaskSize = 0

2023-07-30 10:30:58,883 INFO toClientNotifyTaskSize = 0

2023-07-30 10:30:59,071 INFO groupCount = 9, subscriberClientCount = 0, subscriberCount = 0

2023-07-30 10:31:07,546 INFO [long-pulling] client count 0

2023-07-30 10:31:08,885 INFO toNotifyTaskSize = 0

2023-07-30 10:31:08,885 INFO toClientNotifyTaskSize = 0

2023-07-30 10:31:09,104 INFO groupCount = 9, subscriberClientCount = 0, subscriberCount = 0

2023-07-30 10:31:17,548 INFO [long-pulling] client count 0

2023-07-30 10:31:18,887 INFO toNotifyTaskSize = 0

2023-07-30 10:31:18,887 INFO toClientNotifyTaskSize = 0

2023-07-30 10:31:19,162 INFO groupCount = 9, subscriberClientCount = 0, subscriberCount = 0

2023-07-30 10:31:27,549 INFO [long-pulling] client count 0

2023-07-30 10:31:28,889 INFO toNotifyTaskSize = 0

2023-07-30 10:31:28,889 INFO toClientNotifyTaskSize = 0

2023-07-30 10:31:29,164 INFO groupCount = 9, subscriberClientCount = 0, subscriberCount = 0

2023-07-30 10:31:37,550 INFO [long-pulling] client count 0

2023-07-30 10:31:38,890 INFO toNotifyTaskSize = 0

2023-07-30 10:31:38,890 INFO toClientNotifyTaskSize = 0

2023-07-30 10:31:39,164 INFO groupCount = 9, subscriberClientCount = 0, subscriberCount = 0

2023-07-30 10:31:47,551 INFO [long-pulling] client count 0

2023-07-30 10:31:48,891 INFO toNotifyTaskSize = 0

2023-07-30 10:31:48,949 INFO toClientNotifyTaskSize = 0

2023-07-30 10:31:49,166 INFO groupCount = 9, subscriberClientCount = 0, subscriberCount = 0

2023-07-30 10:31:57,552 INFO [long-pulling] client count 0

2023-07-30 10:31:58,950 INFO toNotifyTaskSize = 0

2023-07-30 10:31:58,950 INFO toClientNotifyTaskSize = 0

2023-07-30 10:31:59,168 INFO groupCount = 9, subscriberClientCount = 0, subscriberCount = 0

2023-07-30 10:32:07,553 INFO [long-pulling] client count 0

2023-07-30 10:32:08,951 INFO toNotifyTaskSize = 0

2023-07-30 10:32:09,042 INFO toClientNotifyTaskSize = 0

2023-07-30 10:32:09,170 INFO groupCount = 9, subscriberClientCount = 0, subscriberCount = 0

2023-07-30 10:32:17,554 INFO [long-pulling] client count 0

2023-07-30 10:32:19,043 INFO toNotifyTaskSize = 0

2023-07-30 10:32:19,043 INFO toClientNotifyTaskSize = 0

2023-07-30 10:32:19,171 INFO groupCount = 9, subscriberClientCount = 0, subscriberCount = 0

2023-07-30 10:32:27,555 INFO [long-pulling] client count 0

2023-07-30 10:32:29,046 INFO toNotifyTaskSize = 0

2023-07-30 10:32:29,046 INFO toClientNotifyTaskSize = 0

2023-07-30 10:32:29,173 INFO groupCount = 9, subscriberClientCount = 0, subscriberCount = 0

2023-07-30 10:32:37,556 INFO [long-pulling] client count 0

2023-07-30 10:32:39,048 INFO toNotifyTaskSize = 0

2023-07-30 10:32:39,049 INFO toClientNotifyTaskSize = 0

2023-07-30 10:32:39,174 INFO groupCount = 9, subscriberClientCount = 0, subscriberCount = 0

2023-07-30 10:32:47,563 INFO [long-pulling] client count 0

2023-07-30 10:32:49,052 INFO toNotifyTaskSize = 0

2023-07-30 10:32:49,052 INFO toClientNotifyTaskSize = 0

2023-07-30 10:32:49,175 INFO groupCount = 9, subscriberClientCount = 0, subscriberCount = 0

2023-07-30 10:32:57,565 INFO [long-pulling] client count 0

2023-07-30 10:32:59,052 INFO toNotifyTaskSize = 0

2023-07-30 10:32:59,052 INFO toClientNotifyTaskSize = 0

2023-07-30 10:32:59,177 INFO groupCount = 9, subscriberClientCount = 0, subscriberCount = 0

2023-07-30 10:33:07,567 INFO [long-pulling] client count 0

2023-07-30 10:33:09,053 INFO toNotifyTaskSize = 0

2023-07-30 10:33:09,054 INFO toClientNotifyTaskSize = 0

2023-07-30 10:33:09,177 INFO groupCount = 9, subscriberClientCount = 0, subscriberCount = 0

2023-07-30 10:33:17,568 INFO [long-pulling] client count 0

2023-07-30 10:33:19,055 INFO toNotifyTaskSize = 0

2023-07-30 10:33:19,055 INFO toClientNotifyTaskSize = 0

2023-07-30 10:33:19,179 INFO groupCount = 9, subscriberClientCount = 0, subscriberCount = 0

2023-07-30 10:33:33,001 INFO [long-pulling] client count 0

2023-07-30 10:33:33,001 INFO toNotifyTaskSize = 0

2023-07-30 10:33:33,002 INFO toClientNotifyTaskSize = 0

2023-07-30 10:33:42,997 INFO groupCount = 9, subscriberClientCount = 0, subscriberCount = 0

2023-07-30 10:33:43,004 INFO toNotifyTaskSize = 0

2023-07-30 10:33:43,004 INFO toClientNotifyTaskSize = 0

2023-07-30 10:33:43,033 INFO [long-pulling] client count 0

2023-07-30 10:33:52,999 INFO groupCount = 9, subscriberClientCount = 0, subscriberCount = 0

2023-07-30 10:33:53,005 INFO toNotifyTaskSize = 0

2023-07-30 10:33:53,006 INFO toClientNotifyTaskSize = 0

2023-07-30 10:33:53,035 INFO [long-pulling] client count 0

2023-07-30 10:34:03,001 INFO groupCount = 9, subscriberClientCount = 0, subscriberCount = 0

2023-07-30 10:34:03,007 INFO toNotifyTaskSize = 0

2023-07-30 10:34:03,007 INFO toClientNotifyTaskSize = 0

2023-07-30 10:34:03,036 INFO [long-pulling] client count 0

2023-07-30 10:34:13,001 INFO groupCount = 9, subscriberClientCount = 0, subscriberCount = 0

2023-07-30 10:34:13,007 INFO toNotifyTaskSize = 0

2023-07-30 10:34:13,007 INFO toClientNotifyTaskSize = 0

2023-07-30 10:34:13,038 INFO [long-pulling] client count 0

2023-07-30 10:34:23,002 INFO groupCount = 9, subscriberClientCount = 0, subscriberCount = 0

2023-07-30 10:34:23,008 INFO toNotifyTaskSize = 0

2023-07-30 10:34:23,008 INFO toClientNotifyTaskSize = 0

2023-07-30 10:34:23,038 INFO [long-pulling] client count 0

2023-07-30 10:34:33,004 INFO groupCount = 9, subscriberClientCount = 0, subscriberCount = 0

2023-07-30 10:34:33,009 INFO toNotifyTaskSize = 0

2023-07-30 10:34:33,009 INFO toClientNotifyTaskSize = 0

2023-07-30 10:34:33,038 INFO [long-pulling] client count 0

2023-07-30 10:34:43,006 INFO groupCount = 9, subscriberClientCount = 0, subscriberCount = 0

2023-07-30 10:34:43,010 INFO toNotifyTaskSize = 0

2023-07-30 10:34:43,010 INFO toClientNotifyTaskSize = 0

2023-07-30 10:34:43,041 INFO [long-pulling] client count 0

2023-07-30 10:34:53,007 INFO groupCount = 9, subscriberClientCount = 0, subscriberCount = 0

2023-07-30 10:34:53,011 INFO toNotifyTaskSize = 0

2023-07-30 10:34:53,011 INFO toClientNotifyTaskSize = 0

2023-07-30 10:34:53,042 INFO [long-pulling] client count 0

2023-07-30 10:35:03,008 INFO groupCount = 9, subscriberClientCount = 0, subscriberCount = 0

2023-07-30 10:35:03,012 INFO toNotifyTaskSize = 0

2023-07-30 10:35:03,012 INFO toClientNotifyTaskSize = 0

2023-07-30 10:35:03,044 INFO [long-pulling] client count 0

2023-07-30 10:35:13,009 INFO groupCount = 9, subscriberClientCount = 0, subscriberCount = 0

2023-07-30 10:35:13,013 INFO toNotifyTaskSize = 0

2023-07-30 10:35:13,014 INFO toClientNotifyTaskSize = 0

2023-07-30 10:35:13,045 INFO [long-pulling] client count 0

2023-07-30 10:35:23,016 INFO groupCount = 9, subscriberClientCount = 0, subscriberCount = 0

2023-07-30 10:35:23,023 INFO toNotifyTaskSize = 0

2023-07-30 10:35:23,023 INFO toClientNotifyTaskSize = 0

2023-07-30 10:35:23,046 INFO [long-pulling] client count 0

2023-07-30 10:37:39,080 INFO [long-pulling] client count 0

2023-07-30 10:37:49,092 INFO [long-pulling] client count 0

2023-07-30 10:37:49,278 INFO groupCount = 9, subscriberClientCount = 0, subscriberCount = 0

2023-07-30 10:37:49,294 INFO toNotifyTaskSize = 0

2023-07-30 10:37:49,294 INFO toClientNotifyTaskSize = 0

2023-07-30 10:37:59,093 INFO [long-pulling] client count 0

2023-07-30 10:37:59,280 INFO groupCount = 9, subscriberClientCount = 0, subscriberCount = 0

2023-07-30 10:37:59,294 INFO toNotifyTaskSize = 0

2023-07-30 10:37:59,294 INFO toClientNotifyTaskSize = 0

2023-07-30 10:38:09,093 INFO [long-pulling] client count 0

2023-07-30 10:38:09,281 INFO groupCount = 9, subscriberClientCount = 0, subscriberCount = 0

2023-07-30 10:38:09,295 INFO toNotifyTaskSize = 0

2023-07-30 10:38:09,295 INFO toClientNotifyTaskSize = 0

2023-07-30 10:38:19,094 INFO [long-pulling] client count 0

2023-07-30 10:38:19,283 INFO groupCount = 9, subscriberClientCount = 0, subscriberCount = 0

2023-07-30 10:38:19,295 INFO toNotifyTaskSize = 0

2023-07-30 10:38:19,295 INFO toClientNotifyTaskSize = 0

2023-07-30 10:38:29,095 INFO [long-pulling] client count 0

2023-07-30 10:38:29,283 INFO groupCount = 9, subscriberClientCount = 0, subscriberCount = 0

2023-07-30 10:38:29,297 INFO toNotifyTaskSize = 0

2023-07-30 10:38:29,297 INFO toClientNotifyTaskSize = 0

2023-07-30 10:38:39,096 INFO [long-pulling] client count 0

2023-07-30 10:38:39,284 INFO groupCount = 9, subscriberClientCount = 0, subscriberCount = 0

2023-07-30 10:38:39,298 INFO toNotifyTaskSize = 0

2023-07-30 10:38:39,298 INFO toClientNotifyTaskSize = 0

2023-07-30 10:38:49,099 INFO [long-pulling] client count 0

2023-07-30 10:38:49,285 INFO groupCount = 9, subscriberClientCount = 0, subscriberCount = 0

2023-07-30 10:38:49,299 INFO toNotifyTaskSize = 0

2023-07-30 10:38:49,299 INFO toClientNotifyTaskSize = 0

2023-07-30 10:38:59,099 INFO [long-pulling] client count 0

2023-07-30 10:38:59,286 INFO groupCount = 9, subscriberClientCount = 0, subscriberCount = 0

2023-07-30 10:38:59,301 INFO toNotifyTaskSize = 0

2023-07-30 10:38:59,301 INFO toClientNotifyTaskSize = 0

2023-07-30 10:39:09,100 INFO [long-pulling] client count 0

2023-07-30 10:39:09,287 INFO groupCount = 9, subscriberClientCount = 0, subscriberCount = 0

2023-07-30 10:39:09,302 INFO toNotifyTaskSize = 0

2023-07-30 10:39:09,302 INFO toClientNotifyTaskSize = 0

2023-07-30 10:39:19,102 INFO [long-pulling] client count 0

2023-07-30 10:39:19,288 INFO groupCount = 9, subscriberClientCount = 0, subscriberCount = 0

2023-07-30 10:39:19,303 INFO toNotifyTaskSize = 0

2023-07-30 10:39:19,303 INFO toClientNotifyTaskSize = 0

2023-07-30 10:39:29,103 INFO [long-pulling] client count 0

2023-07-30 10:39:29,289 INFO groupCount = 9, subscriberClientCount = 0, subscriberCount = 0

2023-07-30 10:39:29,305 INFO toNotifyTaskSize = 0

2023-07-30 10:39:29,305 INFO toClientNotifyTaskSize = 0

2023-07-30 10:39:39,105 INFO [long-pulling] client count 0

2023-07-30 10:39:39,291 INFO groupCount = 9, subscriberClientCount = 0, subscriberCount = 0

2023-07-30 10:39:39,307 INFO toNotifyTaskSize = 0

2023-07-30 10:39:39,307 INFO toClientNotifyTaskSize = 0

2023-07-30 10:39:49,106 INFO [long-pulling] client count 0

2023-07-30 10:39:49,292 INFO groupCount = 9, subscriberClientCount = 0, subscriberCount = 0

2023-07-30 10:39:49,308 INFO toNotifyTaskSize = 0

2023-07-30 10:39:49,308 INFO toClientNotifyTaskSize = 0

2023-07-30 10:39:59,107 INFO [long-pulling] client count 0

2023-07-30 10:39:59,293 INFO groupCount = 9, subscriberClientCount = 0, subscriberCount = 0

2023-07-30 10:39:59,309 INFO toNotifyTaskSize = 0

2023-07-30 10:39:59,309 INFO toClientNotifyTaskSize = 0

2023-07-30 10:40:09,107 INFO [long-pulling] client count 0

2023-07-30 10:40:09,293 INFO groupCount = 9, subscriberClientCount = 0, subscriberCount = 0

2023-07-30 10:40:09,310 INFO toNotifyTaskSize = 0

2023-07-30 10:40:09,310 INFO toClientNotifyTaskSize = 0

2023-07-30 10:40:19,109 INFO [long-pulling] client count 0

2023-07-30 10:40:19,295 INFO groupCount = 9, subscriberClientCount = 0, subscriberCount = 0

2023-07-30 10:40:19,310 INFO toNotifyTaskSize = 0

2023-07-30 10:40:19,310 INFO toClientNotifyTaskSize = 0

2023-07-30 10:40:29,110 INFO [long-pulling] client count 0

2023-07-30 10:40:29,295 INFO groupCount = 9, subscriberClientCount = 0, subscriberCount = 0

2023-07-30 10:40:29,311 INFO toNotifyTaskSize = 0

2023-07-30 10:40:29,311 INFO toClientNotifyTaskSize = 0

2023-07-30 10:40:39,111 INFO [long-pulling] client count 0

2023-07-30 10:40:39,296 INFO groupCount = 9, subscriberClientCount = 0, subscriberCount = 0

2023-07-30 10:40:39,313 INFO toNotifyTaskSize = 0

2023-07-30 10:40:39,313 INFO toClientNotifyTaskSize = 0

2023-07-30 10:40:49,113 INFO [long-pulling] client count 0

2023-07-30 10:40:49,297 INFO groupCount = 9, subscriberClientCount = 0, subscriberCount = 0

2023-07-30 10:40:49,315 INFO toNotifyTaskSize = 0

2023-07-30 10:40:49,315 INFO toClientNotifyTaskSize = 0

2023-07-30 10:40:59,114 INFO [long-pulling] client count 0

2023-07-30 10:40:59,298 INFO groupCount = 9, subscriberClientCount = 0, subscriberCount = 0

2023-07-30 10:40:59,317 INFO toNotifyTaskSize = 0

2023-07-30 10:40:59,317 INFO toClientNotifyTaskSize = 0

2023-07-30 10:41:09,115 INFO [long-pulling] client count 0

2023-07-30 10:41:09,300 INFO groupCount = 9, subscriberClientCount = 0, subscriberCount = 0

2023-07-30 10:41:09,318 INFO toNotifyTaskSize = 0

2023-07-30 10:41:09,318 INFO toClientNotifyTaskSize = 0

2023-07-30 10:41:19,116 INFO [long-pulling] client count 0

2023-07-30 10:41:19,301 INFO groupCount = 9, subscriberClientCount = 0, subscriberCount = 0

2023-07-30 10:41:19,319 INFO toNotifyTaskSize = 0

2023-07-30 10:41:19,319 INFO toClientNotifyTaskSize = 0

2023-07-30 10:41:29,117 INFO [long-pulling] client count 0

2023-07-30 10:41:29,301 INFO groupCount = 9, subscriberClientCount = 0, subscriberCount = 0

2023-07-30 10:41:29,319 INFO toNotifyTaskSize = 0

2023-07-30 10:41:29,319 INFO toClientNotifyTaskSize = 0

2023-07-30 10:41:39,118 INFO [long-pulling] client count 0

2023-07-30 10:41:39,303 INFO groupCount = 9, subscriberClientCount = 0, subscriberCount = 0

2023-07-30 10:41:39,320 INFO toNotifyTaskSize = 0

2023-07-30 10:41:39,320 INFO toClientNotifyTaskSize = 0

2023-07-30 10:41:49,118 INFO [long-pulling] client count 0

2023-07-30 10:41:49,304 INFO groupCount = 9, subscriberClientCount = 0, subscriberCount = 0

2023-07-30 10:41:49,322 INFO toNotifyTaskSize = 0

2023-07-30 10:41:49,322 INFO toClientNotifyTaskSize = 0

2023-07-30 10:41:59,120 INFO [long-pulling] client count 0

2023-07-30 10:41:59,306 INFO groupCount = 9, subscriberClientCount = 0, subscriberCount = 0

2023-07-30 10:41:59,322 INFO toNotifyTaskSize = 0

2023-07-30 10:41:59,322 INFO toClientNotifyTaskSize = 0

2023-07-30 10:42:09,121 INFO [long-pulling] client count 0

2023-07-30 10:42:09,308 INFO groupCount = 9, subscriberClientCount = 0, subscriberCount = 0

2023-07-30 10:42:09,324 INFO toNotifyTaskSize = 0

2023-07-30 10:42:09,324 INFO toClientNotifyTaskSize = 0

2023-07-30 10:42:19,122 INFO [long-pulling] client count 0

2023-07-30 10:42:19,308 INFO groupCount = 9, subscriberClientCount = 0, subscriberCount = 0

2023-07-30 10:42:19,325 INFO toNotifyTaskSize = 0

2023-07-30 10:42:19,325 INFO toClientNotifyTaskSize = 0

2023-07-30 10:42:29,123 INFO [long-pulling] client count 0

2023-07-30 10:42:29,310 INFO groupCount = 9, subscriberClientCount = 0, subscriberCount = 0

2023-07-30 10:42:29,325 INFO toNotifyTaskSize = 0

2023-07-30 10:42:29,325 INFO toClientNotifyTaskSize = 0

2023-07-30 10:42:39,125 INFO [long-pulling] client count 0

2023-07-30 10:42:39,311 INFO groupCount = 9, subscriberClientCount = 0, subscriberCount = 0

2023-07-30 10:42:39,328 INFO toNotifyTaskSize = 0

2023-07-30 10:42:39,328 INFO toClientNotifyTaskSize = 0

2023-07-30 10:42:49,125 INFO [long-pulling] client count 0

2023-07-30 10:42:49,314 INFO groupCount = 9, subscriberClientCount = 0, subscriberCount = 0

2023-07-30 10:42:49,329 INFO toNotifyTaskSize = 0

2023-07-30 10:42:49,329 INFO toClientNotifyTaskSize = 0

2023-07-30 10:42:59,127 INFO [long-pulling] client count 0

2023-07-30 10:42:59,314 INFO groupCount = 9, subscriberClientCount = 0, subscriberCount = 0

2023-07-30 10:42:59,329 INFO toNotifyTaskSize = 0

2023-07-30 10:42:59,329 INFO toClientNotifyTaskSize = 0

2023-07-30 10:43:09,129 INFO [long-pulling] client count 0

2023-07-30 10:43:09,316 INFO groupCount = 9, subscriberClientCount = 0, subscriberCount = 0

2023-07-30 10:43:09,330 INFO toNotifyTaskSize = 0

2023-07-30 10:43:09,330 INFO toClientNotifyTaskSize = 0

2023-07-30 10:43:19,130 INFO [long-pulling] client count 0

2023-07-30 10:43:19,317 INFO groupCount = 9, subscriberClientCount = 0, subscriberCount = 0

2023-07-30 10:43:19,331 INFO toNotifyTaskSize = 0

2023-07-30 10:43:19,331 INFO toClientNotifyTaskSize = 0

2023-07-30 10:43:29,132 INFO [long-pulling] client count 0

2023-07-30 10:43:29,319 INFO groupCount = 9, subscriberClientCount = 0, subscriberCount = 0

2023-07-30 10:43:29,333 INFO toNotifyTaskSize = 0

2023-07-30 10:43:29,333 INFO toClientNotifyTaskSize = 0

2023-07-30 10:43:39,133 INFO [long-pulling] client count 0

2023-07-30 10:43:39,321 INFO groupCount = 9, subscriberClientCount = 0, subscriberCount = 0

2023-07-30 10:43:39,335 INFO toNotifyTaskSize = 0

2023-07-30 10:43:39,335 INFO toClientNotifyTaskSize = 0

2023-07-30 10:43:49,134 INFO [long-pulling] client count 0

2023-07-30 10:43:49,322 INFO groupCount = 9, subscriberClientCount = 0, subscriberCount = 0

2023-07-30 10:43:49,335 INFO toNotifyTaskSize = 0

2023-07-30 10:43:49,335 INFO toClientNotifyTaskSize = 0

2023-07-30 10:43:59,135 INFO [long-pulling] client count 0

2023-07-30 10:43:59,323 INFO groupCount = 9, subscriberClientCount = 0, subscriberCount = 0

2023-07-30 10:43:59,335 INFO toNotifyTaskSize = 0

2023-07-30 10:43:59,335 INFO toClientNotifyTaskSize = 0

2023-07-30 10:44:09,137 INFO [long-pulling] client count 0

2023-07-30 10:44:09,323 INFO groupCount = 9, subscriberClientCount = 0, subscriberCount = 0

2023-07-30 10:44:09,337 INFO toNotifyTaskSize = 0

2023-07-30 10:44:09,337 INFO toClientNotifyTaskSize = 0

2023-07-30 10:44:19,138 INFO [long-pulling] client count 0

2023-07-30 10:44:19,325 INFO groupCount = 9, subscriberClientCount = 0, subscriberCount = 0

2023-07-30 10:44:19,338 INFO toNotifyTaskSize = 0

2023-07-30 10:44:19,338 INFO toClientNotifyTaskSize = 0

2023-07-30 10:44:29,140 INFO [long-pulling] client count 0

2023-07-30 10:44:29,327 INFO groupCount = 9, subscriberClientCount = 0, subscriberCount = 0

2023-07-30 10:44:29,339 INFO toNotifyTaskSize = 0

2023-07-30 10:44:29,339 INFO toClientNotifyTaskSize = 0

2023-07-30 10:44:39,141 INFO [long-pulling] client count 0

2023-07-30 10:44:39,328 INFO groupCount = 9, subscriberClientCount = 0, subscriberCount = 0

2023-07-30 10:44:39,340 INFO toNotifyTaskSize = 0

2023-07-30 10:44:39,340 INFO toClientNotifyTaskSize = 0

2023-07-30 10:44:49,143 INFO [long-pulling] client count 0

2023-07-30 10:44:49,329 INFO groupCount = 9, subscriberClientCount = 0, subscriberCount = 0

2023-07-30 10:44:49,341 INFO toNotifyTaskSize = 0

2023-07-30 10:44:49,341 INFO toClientNotifyTaskSize = 0

2023-07-30 10:44:59,144 INFO [long-pulling] client count 0

2023-07-30 10:44:59,330 INFO groupCount = 9, subscriberClientCount = 0, subscriberCount = 0

2023-07-30 10:44:59,341 INFO toNotifyTaskSize = 0

2023-07-30 10:44:59,341 INFO toClientNotifyTaskSize = 0

2023-07-30 10:45:09,145 INFO [long-pulling] client count 0

2023-07-30 10:45:09,331 INFO groupCount = 9, subscriberClientCount = 0, subscriberCount = 0

2023-07-30 10:45:09,343 INFO toNotifyTaskSize = 0

2023-07-30 10:45:09,343 INFO toClientNotifyTaskSize = 0

2023-07-30 10:45:19,145 INFO [long-pulling] client count 0

2023-07-30 10:45:19,331 INFO groupCount = 9, subscriberClientCount = 0, subscriberCount = 0

2023-07-30 10:45:19,344 INFO toNotifyTaskSize = 0

2023-07-30 10:45:19,344 INFO toClientNotifyTaskSize = 0

2023-07-30 10:45:29,146 INFO [long-pulling] client count 0

2023-07-30 10:45:29,331 INFO groupCount = 9, subscriberClientCount = 0, subscriberCount = 0

2023-07-30 10:45:29,346 INFO toNotifyTaskSize = 0

2023-07-30 10:45:29,346 INFO toClientNotifyTaskSize = 0

2023-07-30 10:45:39,147 INFO [long-pulling] client count 0

2023-07-30 10:45:39,332 INFO groupCount = 9, subscriberClientCount = 0, subscriberCount = 0

2023-07-30 10:45:39,347 INFO toNotifyTaskSize = 0

2023-07-30 10:45:39,347 INFO toClientNotifyTaskSize = 0

2023-07-30 10:45:49,149 INFO [long-pulling] client count 0

2023-07-30 10:45:49,333 INFO groupCount = 9, subscriberClientCount = 0, subscriberCount = 0

2023-07-30 10:45:49,348 INFO toNotifyTaskSize = 0

2023-07-30 10:45:49,348 INFO toClientNotifyTaskSize = 0

2023-07-30 10:45:59,151 INFO [long-pulling] client count 0

2023-07-30 10:45:59,333 INFO groupCount = 9, subscriberClientCount = 0, subscriberCount = 0

2023-07-30 10:45:59,348 INFO toNotifyTaskSize = 0

2023-07-30 10:45:59,348 INFO toClientNotifyTaskSize = 0

2023-07-30 10:46:09,152 INFO [long-pulling] client count 0

2023-07-30 10:46:09,333 INFO groupCount = 9, subscriberClientCount = 0, subscriberCount = 0

2023-07-30 10:46:09,350 INFO toNotifyTaskSize = 0

2023-07-30 10:46:09,350 INFO toClientNotifyTaskSize = 0

2023-07-30 10:46:19,154 INFO [long-pulling] client count 0

2023-07-30 10:46:19,334 INFO groupCount = 9, subscriberClientCount = 0, subscriberCount = 0

2023-07-30 10:46:19,352 INFO toNotifyTaskSize = 0

2023-07-30 10:46:19,352 INFO toClientNotifyTaskSize = 0

2023-07-30 10:46:29,156 INFO [long-pulling] client count 0

2023-07-30 10:46:29,336 INFO groupCount = 9, subscriberClientCount = 0, subscriberCount = 0

2023-07-30 10:46:29,354 INFO toNotifyTaskSize = 0

2023-07-30 10:46:29,354 INFO toClientNotifyTaskSize = 0

2023-07-30 10:46:39,158 INFO [long-pulling] client count 0

2023-07-30 10:46:39,337 INFO groupCount = 9, subscriberClientCount = 0, subscriberCount = 0

2023-07-30 10:46:39,356 INFO toNotifyTaskSize = 0

2023-07-30 10:46:39,356 INFO toClientNotifyTaskSize = 0

2023-07-30 10:46:49,159 INFO [long-pulling] client count 0

2023-07-30 10:46:49,339 INFO groupCount = 9, subscriberClientCount = 0, subscriberCount = 0

2023-07-30 10:46:49,357 INFO toNotifyTaskSize = 0

2023-07-30 10:46:49,357 INFO toClientNotifyTaskSize = 0

2023-07-30 10:46:59,160 INFO [long-pulling] client count 0

2023-07-30 10:46:59,341 INFO groupCount = 9, subscriberClientCount = 0, subscriberCount = 0

2023-07-30 10:46:59,358 INFO toNotifyTaskSize = 0

2023-07-30 10:46:59,358 INFO toClientNotifyTaskSize = 0

2023-07-30 10:47:09,162 INFO [long-pulling] client count 0

2023-07-30 10:47:09,343 INFO groupCount = 9, subscriberClientCount = 0, subscriberCount = 0

2023-07-30 10:47:09,361 INFO toNotifyTaskSize = 0

2023-07-30 10:47:09,361 INFO toClientNotifyTaskSize = 0

2023-07-30 10:47:19,162 INFO [long-pulling] client count 0

2023-07-30 10:47:19,344 INFO groupCount = 9, subscriberClientCount = 0, subscriberCount = 0

2023-07-30 10:47:19,363 INFO toNotifyTaskSize = 0

2023-07-30 10:47:19,363 INFO toClientNotifyTaskSize = 0

