2023-07-30 10:10:19,005 INFO notifyConnectTimeout:100

2023-07-30 10:10:19,084 INFO notifySocketTimeout:200

2023-07-30 10:10:19,084 INFO isHealthCheck:true

2023-07-30 10:10:19,084 INFO maxHealthCheckFailCount:12

2023-07-30 10:10:19,084 INFO maxContent:10485760

2023-07-30 10:10:31,999 INFO use local db service for init

2023-07-30 10:10:35,041 WARN Lexical error at line 4, column 66.  Encountered: <EOF> after : "".

2023-07-30 10:10:35,049 WARN Syntax error: Encountered "*" at line 1, column 1.

2023-07-30 10:10:35,116 WARN Table/View 'CONFIG_INFO' already exists in Schema 'NACOS'.

2023-07-30 10:10:35,263 WARN Table/View 'HIS_CONFIG_INFO' already exists in Schema 'NACOS'.

2023-07-30 10:10:35,312 WARN Table/View 'CONFIG_INFO_BETA' already exists in Schema 'NACOS'.

2023-07-30 10:10:35,334 WARN Table/View 'CONFIG_INFO_TAG' already exists in Schema 'NACOS'.

2023-07-30 10:10:35,353 WARN Table/View 'CONFIG_INFO_AGGR' already exists in Schema 'NACOS'.

2023-07-30 10:10:35,372 WARN Table/View 'APP_LIST' already exists in Schema 'NACOS'.

2023-07-30 10:10:35,388 WARN Table/View 'APP_CONFIGDATA_RELATION_SUBS' already exists in Schema 'NACOS'.

2023-07-30 10:10:35,404 WARN Table/View 'APP_CONFIGDATA_RELATION_PUBS' already exists in Schema 'NACOS'.

2023-07-30 10:10:35,421 WARN Table/View 'CONFIG_TAGS_RELATION' already exists in Schema 'NACOS'.

2023-07-30 10:10:35,447 WARN Table/View 'GROUP_CAPACITY' already exists in Schema 'NACOS'.

2023-07-30 10:10:35,465 WARN Table/View 'TENANT_CAPACITY' already exists in Schema 'NACOS'.

2023-07-30 10:10:35,484 WARN Table/View 'TENANT_INFO' already exists in Schema 'NACOS'.

2023-07-30 10:10:35,516 WARN Table/View 'USERS' already exists in Schema 'NACOS'.

2023-07-30 10:10:35,534 WARN Table/View 'ROLES' already exists in Schema 'NACOS'.

2023-07-30 10:10:35,551 WARN Table/View 'PERMISSIONS' already exists in Schema 'NACOS'.

2023-07-30 10:10:35,653 WARN The statement was aborted because it would have caused a duplicate key value in a unique or primary key constraint or unique index identified by 'SQL230703200839570' defined on 'USERS'.

2023-07-30 10:10:35,676 WARN The statement was aborted because it would have caused a duplicate key value in a unique or primary key constraint or unique index identified by 'UK_USERNAME_ROLE' defined on 'ROLES'.

2023-07-30 10:10:35,676 WARN Lexical error at line 4, column 13.  Encountered: "`" (96), after : "".

2023-07-30 10:10:35,677 WARN Lexical error at line 1, column 13.  Encountered: "`" (96), after : "".

2023-07-30 10:10:35,678 WARN Lexical error at line 1, column 13.  Encountered: "`" (96), after : "".

2023-07-30 10:10:35,679 WARN Lexical error at line 1, column 13.  Encountered: "`" (96), after : "".

2023-07-30 10:10:35,679 INFO use StandaloneDatabaseOperateImpl

2023-07-30 10:10:37,076 WARN DumpService start

2023-07-30 10:10:37,082 INFO start clear all config-info.

2023-07-30 10:10:37,083 WARN clear all config-info failed.

2023-07-30 10:10:37,083 WARN clear all config-info-tenant failed.

2023-07-30 10:10:37,394 INFO [all-dump] 654286147283849216 / 654286147283849216

2023-07-30 10:10:37,394 INFO start clear all config-info-beta.

2023-07-30 10:10:37,394 WARN clear all config-info-beta failed.

2023-07-30 10:10:37,394 WARN clear all config-info-beta-tenant failed.

2023-07-30 10:10:37,441 INFO start clear all config-info-tag.

2023-07-30 10:10:37,441 WARN clear all config-info-tag failed.

2023-07-30 10:10:37,441 WARN clear all config-info-tag-tenant failed.

2023-07-30 10:37:27,271 INFO notifyConnectTimeout:100

2023-07-30 10:37:27,274 INFO notifySocketTimeout:200

2023-07-30 10:37:27,274 INFO isHealthCheck:true

2023-07-30 10:37:27,274 INFO maxHealthCheckFailCount:12

2023-07-30 10:37:27,274 INFO maxContent:10485760

2023-07-30 10:37:33,638 INFO use local db service for init

2023-07-30 10:37:34,826 WARN Lexical error at line 4, column 66.  Encountered: <EOF> after : "".

2023-07-30 10:37:34,831 WARN Syntax error: Encountered "*" at line 1, column 1.

2023-07-30 10:37:35,060 WARN Table/View 'CONFIG_INFO' already exists in Schema 'NACOS'.

2023-07-30 10:37:35,225 WARN Table/View 'HIS_CONFIG_INFO' already exists in Schema 'NACOS'.

2023-07-30 10:37:35,413 WARN Table/View 'CONFIG_INFO_BETA' already exists in Schema 'NACOS'.

2023-07-30 10:37:35,524 WARN Table/View 'CONFIG_INFO_TAG' already exists in Schema 'NACOS'.

2023-07-30 10:37:35,612 WARN Table/View 'CONFIG_INFO_AGGR' already exists in Schema 'NACOS'.

2023-07-30 10:37:35,975 WARN Table/View 'APP_LIST' already exists in Schema 'NACOS'.

2023-07-30 10:37:36,399 WARN Table/View 'APP_CONFIGDATA_RELATION_SUBS' already exists in Schema 'NACOS'.

2023-07-30 10:37:36,576 WARN Table/View 'APP_CONFIGDATA_RELATION_PUBS' already exists in Schema 'NACOS'.

2023-07-30 10:37:36,621 WARN Table/View 'CONFIG_TAGS_RELATION' already exists in Schema 'NACOS'.

2023-07-30 10:37:36,688 WARN Table/View 'GROUP_CAPACITY' already exists in Schema 'NACOS'.

2023-07-30 10:37:37,029 WARN Table/View 'TENANT_CAPACITY' already exists in Schema 'NACOS'.

2023-07-30 10:37:37,388 WARN Table/View 'TENANT_INFO' already exists in Schema 'NACOS'.

2023-07-30 10:37:37,850 WARN Table/View 'USERS' already exists in Schema 'NACOS'.

2023-07-30 10:37:38,048 WARN Table/View 'ROLES' already exists in Schema 'NACOS'.

2023-07-30 10:37:38,236 WARN Table/View 'PERMISSIONS' already exists in Schema 'NACOS'.

2023-07-30 10:37:38,292 WARN The statement was aborted because it would have caused a duplicate key value in a unique or primary key constraint or unique index identified by 'SQL230703200839570' defined on 'USERS'.

2023-07-30 10:37:38,305 WARN The statement was aborted because it would have caused a duplicate key value in a unique or primary key constraint or unique index identified by 'UK_USERNAME_ROLE' defined on 'ROLES'.

2023-07-30 10:37:38,306 WARN Lexical error at line 4, column 13.  Encountered: "`" (96), after : "".

2023-07-30 10:37:38,307 WARN Lexical error at line 1, column 13.  Encountered: "`" (96), after : "".

2023-07-30 10:37:38,308 WARN Lexical error at line 1, column 13.  Encountered: "`" (96), after : "".

2023-07-30 10:37:38,308 WARN Lexical error at line 1, column 13.  Encountered: "`" (96), after : "".

2023-07-30 10:37:38,308 INFO use StandaloneDatabaseOperateImpl

2023-07-30 10:37:39,116 WARN DumpService start

2023-07-30 10:37:39,117 INFO start clear all config-info.

2023-07-30 10:37:39,118 WARN clear all config-info failed.

2023-07-30 10:37:39,118 WARN clear all config-info-tenant failed.

2023-07-30 10:37:39,236 INFO [all-dump] 654286147283849216 / 654286147283849216

2023-07-30 10:37:39,236 INFO start clear all config-info-beta.

2023-07-30 10:37:39,237 WARN clear all config-info-beta failed.

2023-07-30 10:37:39,237 WARN clear all config-info-beta-tenant failed.

2023-07-30 10:37:39,252 INFO start clear all config-info-tag.

2023-07-30 10:37:39,252 WARN clear all config-info-tag failed.

2023-07-30 10:37:39,252 WARN clear all config-info-tag-tenant failed.

