2023-07-30 10:10:31,796 INFO [ClientConnectionEventListenerRegistry] registry listener - ConnectionBasedClientManager

2023-07-30 10:10:37,788 INFO [ClientConnectionEventListenerRegistry] registry listener - ConfigConnectionEventListener

2023-07-30 10:10:37,882 INFO [ClientConnectionEventListenerRegistry] registry listener - RpcAckCallbackInitorOrCleaner

2023-07-30 10:10:38,209 INFO Nacos GrpcSdkServer Rpc server starting at port 9848 and tls config:{"sslProvider":"","enableTls":false,"mutualAuthEnable":false,"trustAll":false,"compatibility":true}

2023-07-30 10:10:39,248 WARN Recommended use 'nacos.remote.server.grpc.sdk.max-inbound-message-size' property instead 'nacos.remote.server.grpc.maxinbound.message.size', now property value is 10485760

2023-07-30 10:10:39,764 INFO Nacos GrpcSdkServer Rpc server started at port 9848 and tls config:{"sslProvider":"","enableTls":false,"mutualAuthEnable":false,"trustAll":false,"compatibility":true}

2023-07-30 10:10:39,764 INFO Nacos GrpcClusterServer Rpc server starting at port 9849 and tls config:{"sslProvider":"","enableTls":false,"mutualAuthEnable":false,"trustAll":false,"compatibility":true}

2023-07-30 10:10:39,764 WARN Recommended use 'nacos.remote.server.grpc.cluster.max-inbound-message-size' property instead 'nacos.remote.server.grpc.maxinbound.message.size', now property value is 10485760

2023-07-30 10:10:39,764 INFO Nacos GrpcClusterServer Rpc server started at port 9849 and tls config:{"sslProvider":"","enableTls":false,"mutualAuthEnable":false,"trustAll":false,"compatibility":true}

2023-07-30 10:35:30,664 INFO Nacos GrpcClusterServer Rpc server stopping

2023-07-30 10:35:30,664 INFO Nacos GrpcSdkServer Rpc server stopping

2023-07-30 10:35:32,167 INFO Nacos GrpcClusterServer Rpc server stopped successfully...

2023-07-30 10:35:32,219 INFO Nacos GrpcSdkServer Rpc server stopped successfully...

2023-07-30 10:37:33,453 INFO [ClientConnectionEventListenerRegistry] registry listener - ConnectionBasedClientManager

2023-07-30 10:37:39,493 INFO [ClientConnectionEventListenerRegistry] registry listener - ConfigConnectionEventListener

2023-07-30 10:37:39,555 INFO [ClientConnectionEventListenerRegistry] registry listener - RpcAckCallbackInitorOrCleaner

2023-07-30 10:37:39,665 INFO Nacos GrpcSdkServer Rpc server starting at port 9848 and tls config:{"sslProvider":"","enableTls":false,"mutualAuthEnable":false,"trustAll":false,"compatibility":true}

2023-07-30 10:37:39,836 WARN Recommended use 'nacos.remote.server.grpc.sdk.max-inbound-message-size' property instead 'nacos.remote.server.grpc.maxinbound.message.size', now property value is 10485760

2023-07-30 10:37:40,082 INFO Nacos GrpcSdkServer Rpc server started at port 9848 and tls config:{"sslProvider":"","enableTls":false,"mutualAuthEnable":false,"trustAll":false,"compatibility":true}

2023-07-30 10:37:40,085 INFO Nacos GrpcClusterServer Rpc server starting at port 9849 and tls config:{"sslProvider":"","enableTls":false,"mutualAuthEnable":false,"trustAll":false,"compatibility":true}

2023-07-30 10:37:40,085 WARN Recommended use 'nacos.remote.server.grpc.cluster.max-inbound-message-size' property instead 'nacos.remote.server.grpc.maxinbound.message.size', now property value is 10485760

2023-07-30 10:37:40,087 INFO Nacos GrpcClusterServer Rpc server started at port 9849 and tls config:{"sslProvider":"","enableTls":false,"mutualAuthEnable":false,"trustAll":false,"compatibility":true}

2023-07-30 10:47:25,538 INFO Nacos GrpcClusterServer Rpc server stopping

2023-07-30 10:47:25,545 INFO Nacos GrpcSdkServer Rpc server stopping

2023-07-30 10:47:25,558 INFO Nacos GrpcClusterServer Rpc server stopped successfully...

2023-07-30 10:47:25,558 INFO Nacos GrpcSdkServer Rpc server stopped successfully...

